<?xml version="1.0" encoding="UTF-8"?>
<testsuite xmlns:xsi="http://www.w3.org/2001/XMLSchema-instance" xsi:noNamespaceSchemaLocation="https://maven.apache.org/surefire/maven-surefire-plugin/xsd/surefire-test-report.xsd" name="com.driversapp.driversapp.DriversappApplicationTests" time="18.548" tests="1" errors="0" skipped="0" failures="0">
  <properties>
    <property name="sun.desktop" value="gnome"/>
    <property name="awt.toolkit" value="sun.awt.X11.XToolkit"/>
    <property name="java.specification.version" value="11"/>
    <property name="sun.cpu.isalist" value=""/>
    <property name="sun.jnu.encoding" value="UTF-8"/>
    <property name="java.class.path" value="/home/dinesh-kumar/eclipse-workspace/driverapp_backend/target/test-classes:/home/dinesh-kumar/eclipse-workspace/driverapp_backend/target/classes:/home/dinesh-kumar/.m2/repository/org/springframework/boot/spring-boot-starter/2.4.5/spring-boot-starter-2.4.5.jar:/home/dinesh-kumar/.m2/repository/org/springframework/boot/spring-boot/2.4.5/spring-boot-2.4.5.jar:/home/dinesh-kumar/.m2/repository/org/springframework/boot/spring-boot-autoconfigure/2.4.5/spring-boot-autoconfigure-2.4.5.jar:/home/dinesh-kumar/.m2/repository/org/springframework/boot/spring-boot-starter-logging/2.4.5/spring-boot-starter-logging-2.4.5.jar:/home/dinesh-kumar/.m2/repository/ch/qos/logback/logback-classic/1.2.3/logback-classic-1.2.3.jar:/home/dinesh-kumar/.m2/repository/ch/qos/logback/logback-core/1.2.3/logback-core-1.2.3.jar:/home/dinesh-kumar/.m2/repository/org/apache/logging/log4j/log4j-to-slf4j/2.13.3/log4j-to-slf4j-2.13.3.jar:/home/dinesh-kumar/.m2/repository/org/apache/logging/log4j/log4j-api/2.13.3/log4j-api-2.13.3.jar:/home/dinesh-kumar/.m2/repository/org/slf4j/jul-to-slf4j/1.7.30/jul-to-slf4j-1.7.30.jar:/home/dinesh-kumar/.m2/repository/jakarta/annotation/jakarta.annotation-api/1.3.5/jakarta.annotation-api-1.3.5.jar:/home/dinesh-kumar/.m2/repository/org/springframework/spring-core/5.3.6/spring-core-5.3.6.jar:/home/dinesh-kumar/.m2/repository/org/springframework/spring-jcl/5.3.6/spring-jcl-5.3.6.jar:/home/dinesh-kumar/.m2/repository/org/yaml/snakeyaml/1.27/snakeyaml-1.27.jar:/home/dinesh-kumar/.m2/repository/org/springframework/boot/spring-boot-starter-web/2.4.5/spring-boot-starter-web-2.4.5.jar:/home/dinesh-kumar/.m2/repository/org/springframework/boot/spring-boot-starter-json/2.4.5/spring-boot-starter-json-2.4.5.jar:/home/dinesh-kumar/.m2/repository/com/fasterxml/jackson/core/jackson-databind/2.11.4/jackson-databind-2.11.4.jar:/home/dinesh-kumar/.m2/repository/com/fasterxml/jackson/core/jackson-annotations/2.11.4/jackson-annotations-2.11.4.jar:/home/dinesh-kumar/.m2/repository/com/fasterxml/jackson/datatype/jackson-datatype-jdk8/2.11.4/jackson-datatype-jdk8-2.11.4.jar:/home/dinesh-kumar/.m2/repository/com/fasterxml/jackson/datatype/jackson-datatype-jsr310/2.11.4/jackson-datatype-jsr310-2.11.4.jar:/home/dinesh-kumar/.m2/repository/com/fasterxml/jackson/module/jackson-module-parameter-names/2.11.4/jackson-module-parameter-names-2.11.4.jar:/home/dinesh-kumar/.m2/repository/org/springframework/boot/spring-boot-starter-tomcat/2.4.5/spring-boot-starter-tomcat-2.4.5.jar:/home/dinesh-kumar/.m2/repository/org/apache/tomcat/embed/tomcat-embed-core/9.0.45/tomcat-embed-core-9.0.45.jar:/home/dinesh-kumar/.m2/repository/org/glassfish/jakarta.el/3.0.3/jakarta.el-3.0.3.jar:/home/dinesh-kumar/.m2/repository/org/apache/tomcat/embed/tomcat-embed-websocket/9.0.45/tomcat-embed-websocket-9.0.45.jar:/home/dinesh-kumar/.m2/repository/org/springframework/spring-webmvc/5.3.6/spring-webmvc-5.3.6.jar:/home/dinesh-kumar/.m2/repository/org/springframework/spring-expression/5.3.6/spring-expression-5.3.6.jar:/home/dinesh-kumar/.m2/repository/org/springframework/boot/spring-boot-starter-data-jpa/2.4.5/spring-boot-starter-data-jpa-2.4.5.jar:/home/dinesh-kumar/.m2/repository/org/springframework/boot/spring-boot-starter-aop/2.4.5/spring-boot-starter-aop-2.4.5.jar:/home/dinesh-kumar/.m2/repository/org/aspectj/aspectjweaver/1.9.6/aspectjweaver-1.9.6.jar:/home/dinesh-kumar/.m2/repository/org/springframework/boot/spring-boot-starter-jdbc/2.4.5/spring-boot-starter-jdbc-2.4.5.jar:/home/dinesh-kumar/.m2/repository/com/zaxxer/HikariCP/3.4.5/HikariCP-3.4.5.jar:/home/dinesh-kumar/.m2/repository/org/springframework/spring-jdbc/5.3.6/spring-jdbc-5.3.6.jar:/home/dinesh-kumar/.m2/repository/jakarta/transaction/jakarta.transaction-api/1.3.3/jakarta.transaction-api-1.3.3.jar:/home/dinesh-kumar/.m2/repository/jakarta/persistence/jakarta.persistence-api/2.2.3/jakarta.persistence-api-2.2.3.jar:/home/dinesh-kumar/.m2/repository/org/hibernate/hibernate-core/5.4.30.Final/hibernate-core-5.4.30.Final.jar:/home/dinesh-kumar/.m2/repository/org/jboss/logging/jboss-logging/3.4.1.Final/jboss-logging-3.4.1.Final.jar:/home/dinesh-kumar/.m2/repository/org/javassist/javassist/3.27.0-GA/javassist-3.27.0-GA.jar:/home/dinesh-kumar/.m2/repository/net/bytebuddy/byte-buddy/1.10.22/byte-buddy-1.10.22.jar:/home/dinesh-kumar/.m2/repository/antlr/antlr/2.7.7/antlr-2.7.7.jar:/home/dinesh-kumar/.m2/repository/org/jboss/jandex/2.2.3.Final/jandex-2.2.3.Final.jar:/home/dinesh-kumar/.m2/repository/com/fasterxml/classmate/1.5.1/classmate-1.5.1.jar:/home/dinesh-kumar/.m2/repository/org/dom4j/dom4j/2.1.3/dom4j-2.1.3.jar:/home/dinesh-kumar/.m2/repository/org/hibernate/common/hibernate-commons-annotations/5.1.2.Final/hibernate-commons-annotations-5.1.2.Final.jar:/home/dinesh-kumar/.m2/repository/org/glassfish/jaxb/jaxb-runtime/2.3.4/jaxb-runtime-2.3.4.jar:/home/dinesh-kumar/.m2/repository/org/glassfish/jaxb/txw2/2.3.4/txw2-2.3.4.jar:/home/dinesh-kumar/.m2/repository/com/sun/istack/istack-commons-runtime/3.0.12/istack-commons-runtime-3.0.12.jar:/home/dinesh-kumar/.m2/repository/org/springframework/spring-aspects/5.3.6/spring-aspects-5.3.6.jar:/home/dinesh-kumar/.m2/repository/org/springframework/boot/spring-boot-starter-test/2.4.5/spring-boot-starter-test-2.4.5.jar:/home/dinesh-kumar/.m2/repository/org/springframework/boot/spring-boot-test/2.4.5/spring-boot-test-2.4.5.jar:/home/dinesh-kumar/.m2/repository/org/springframework/boot/spring-boot-test-autoconfigure/2.4.5/spring-boot-test-autoconfigure-2.4.5.jar:/home/dinesh-kumar/.m2/repository/com/jayway/jsonpath/json-path/2.4.0/json-path-2.4.0.jar:/home/dinesh-kumar/.m2/repository/net/minidev/json-smart/2.3/json-smart-2.3.jar:/home/dinesh-kumar/.m2/repository/net/minidev/accessors-smart/1.2/accessors-smart-1.2.jar:/home/dinesh-kumar/.m2/repository/org/ow2/asm/asm/5.0.4/asm-5.0.4.jar:/home/dinesh-kumar/.m2/repository/jakarta/xml/bind/jakarta.xml.bind-api/2.3.3/jakarta.xml.bind-api-2.3.3.jar:/home/dinesh-kumar/.m2/repository/jakarta/activation/jakarta.activation-api/1.2.2/jakarta.activation-api-1.2.2.jar:/home/dinesh-kumar/.m2/repository/org/assertj/assertj-core/3.18.1/assertj-core-3.18.1.jar:/home/dinesh-kumar/.m2/repository/org/hamcrest/hamcrest/2.2/hamcrest-2.2.jar:/home/dinesh-kumar/.m2/repository/org/junit/jupiter/junit-jupiter/5.7.1/junit-jupiter-5.7.1.jar:/home/dinesh-kumar/.m2/repository/org/junit/jupiter/junit-jupiter-api/5.7.1/junit-jupiter-api-5.7.1.jar:/home/dinesh-kumar/.m2/repository/org/apiguardian/apiguardian-api/1.1.0/apiguardian-api-1.1.0.jar:/home/dinesh-kumar/.m2/repository/org/opentest4j/opentest4j/1.2.0/opentest4j-1.2.0.jar:/home/dinesh-kumar/.m2/repository/org/junit/platform/junit-platform-commons/1.7.1/junit-platform-commons-1.7.1.jar:/home/dinesh-kumar/.m2/repository/org/junit/jupiter/junit-jupiter-params/5.7.1/junit-jupiter-params-5.7.1.jar:/home/dinesh-kumar/.m2/repository/org/junit/jupiter/junit-jupiter-engine/5.7.1/junit-jupiter-engine-5.7.1.jar:/home/dinesh-kumar/.m2/repository/org/junit/platform/junit-platform-engine/1.7.1/junit-platform-engine-1.7.1.jar:/home/dinesh-kumar/.m2/repository/org/mockito/mockito-core/3.6.28/mockito-core-3.6.28.jar:/home/dinesh-kumar/.m2/repository/net/bytebuddy/byte-buddy-agent/1.10.22/byte-buddy-agent-1.10.22.jar:/home/dinesh-kumar/.m2/repository/org/objenesis/objenesis/3.1/objenesis-3.1.jar:/home/dinesh-kumar/.m2/repository/org/mockito/mockito-junit-jupiter/3.6.28/mockito-junit-jupiter-3.6.28.jar:/home/dinesh-kumar/.m2/repository/org/skyscreamer/jsonassert/1.5.0/jsonassert-1.5.0.jar:/home/dinesh-kumar/.m2/repository/com/vaadin/external/google/android-json/0.0.20131108.vaadin1/android-json-0.0.20131108.vaadin1.jar:/home/dinesh-kumar/.m2/repository/org/springframework/spring-test/5.3.6/spring-test-5.3.6.jar:/home/dinesh-kumar/.m2/repository/org/xmlunit/xmlunit-core/2.7.0/xmlunit-core-2.7.0.jar:/home/dinesh-kumar/.m2/repository/org/springframework/spring-web/5.3.6/spring-web-5.3.6.jar:/home/dinesh-kumar/.m2/repository/org/springframework/spring-beans/5.3.6/spring-beans-5.3.6.jar:/home/dinesh-kumar/.m2/repository/javax/persistence/javax.persistence-api/2.2/javax.persistence-api-2.2.jar:/home/dinesh-kumar/.m2/repository/org/springframework/data/spring-data-jpa/2.5.0/spring-data-jpa-2.5.0.jar:/home/dinesh-kumar/.m2/repository/org/springframework/data/spring-data-commons/2.4.8/spring-data-commons-2.4.8.jar:/home/dinesh-kumar/.m2/repository/org/springframework/spring-orm/5.3.6/spring-orm-5.3.6.jar:/home/dinesh-kumar/.m2/repository/org/springframework/spring-context/5.3.6/spring-context-5.3.6.jar:/home/dinesh-kumar/.m2/repository/org/springframework/spring-aop/5.3.6/spring-aop-5.3.6.jar:/home/dinesh-kumar/.m2/repository/org/springframework/spring-tx/5.3.6/spring-tx-5.3.6.jar:/home/dinesh-kumar/.m2/repository/org/aspectj/aspectjrt/1.9.6/aspectjrt-1.9.6.jar:/home/dinesh-kumar/.m2/repository/org/slf4j/slf4j-api/1.7.30/slf4j-api-1.7.30.jar:/home/dinesh-kumar/.m2/repository/org/springframework/cloud/spring-cloud-starter-openfeign/3.0.2/spring-cloud-starter-openfeign-3.0.2.jar:/home/dinesh-kumar/.m2/repository/org/springframework/cloud/spring-cloud-starter/3.0.2/spring-cloud-starter-3.0.2.jar:/home/dinesh-kumar/.m2/repository/org/springframework/cloud/spring-cloud-context/3.0.2/spring-cloud-context-3.0.2.jar:/home/dinesh-kumar/.m2/repository/org/springframework/security/spring-security-rsa/1.0.9.RELEASE/spring-security-rsa-1.0.9.RELEASE.jar:/home/dinesh-kumar/.m2/repository/org/bouncycastle/bcpkix-jdk15on/1.64/bcpkix-jdk15on-1.64.jar:/home/dinesh-kumar/.m2/repository/org/bouncycastle/bcprov-jdk15on/1.64/bcprov-jdk15on-1.64.jar:/home/dinesh-kumar/.m2/repository/org/springframework/cloud/spring-cloud-openfeign-core/3.0.2/spring-cloud-openfeign-core-3.0.2.jar:/home/dinesh-kumar/.m2/repository/io/github/openfeign/form/feign-form-spring/3.8.0/feign-form-spring-3.8.0.jar:/home/dinesh-kumar/.m2/repository/io/github/openfeign/form/feign-form/3.8.0/feign-form-3.8.0.jar:/home/dinesh-kumar/.m2/repository/commons-fileupload/commons-fileupload/1.4/commons-fileupload-1.4.jar:/home/dinesh-kumar/.m2/repository/commons-io/commons-io/2.2/commons-io-2.2.jar:/home/dinesh-kumar/.m2/repository/org/springframework/cloud/spring-cloud-commons/3.0.2/spring-cloud-commons-3.0.2.jar:/home/dinesh-kumar/.m2/repository/org/springframework/security/spring-security-crypto/5.4.6/spring-security-crypto-5.4.6.jar:/home/dinesh-kumar/.m2/repository/io/github/openfeign/feign-core/10.10.1/feign-core-10.10.1.jar:/home/dinesh-kumar/.m2/repository/io/github/openfeign/feign-slf4j/10.10.1/feign-slf4j-10.10.1.jar:/home/dinesh-kumar/.m2/repository/mysql/mysql-connector-java/8.0.23/mysql-connector-java-8.0.23.jar:/home/dinesh-kumar/.m2/repository/org/projectlombok/lombok/1.18.20/lombok-1.18.20.jar:/home/dinesh-kumar/.m2/repository/org/liquibase/liquibase-core/3.10.3/liquibase-core-3.10.3.jar:/home/dinesh-kumar/.m2/repository/javax/xml/bind/jaxb-api/2.3.1/jaxb-api-2.3.1.jar:/home/dinesh-kumar/.m2/repository/javax/activation/javax.activation-api/1.2.0/javax.activation-api-1.2.0.jar:/home/dinesh-kumar/.m2/repository/com/google/code/gson/gson/2.8.6/gson-2.8.6.jar:/home/dinesh-kumar/.m2/repository/org/springframework/boot/spring-boot-starter-data-redis/2.4.5/spring-boot-starter-data-redis-2.4.5.jar:/home/dinesh-kumar/.m2/repository/org/springframework/data/spring-data-redis/2.4.8/spring-data-redis-2.4.8.jar:/home/dinesh-kumar/.m2/repository/org/springframework/data/spring-data-keyvalue/2.4.8/spring-data-keyvalue-2.4.8.jar:/home/dinesh-kumar/.m2/repository/org/springframework/spring-oxm/5.3.6/spring-oxm-5.3.6.jar:/home/dinesh-kumar/.m2/repository/io/lettuce/lettuce-core/6.0.4.RELEASE/lettuce-core-6.0.4.RELEASE.jar:/home/dinesh-kumar/.m2/repository/io/netty/netty-common/4.1.63.Final/netty-common-4.1.63.Final.jar:/home/dinesh-kumar/.m2/repository/io/projectreactor/reactor-core/3.4.5/reactor-core-3.4.5.jar:/home/dinesh-kumar/.m2/repository/org/reactivestreams/reactive-streams/1.0.3/reactive-streams-1.0.3.jar:/home/dinesh-kumar/.m2/repository/org/redisson/redisson-spring-data-21/3.12.2/redisson-spring-data-21-3.12.2.jar:/home/dinesh-kumar/.m2/repository/org/redisson/redisson/3.12.2/redisson-3.12.2.jar:/home/dinesh-kumar/.m2/repository/io/netty/netty-codec/4.1.63.Final/netty-codec-4.1.63.Final.jar:/home/dinesh-kumar/.m2/repository/io/netty/netty-buffer/4.1.63.Final/netty-buffer-4.1.63.Final.jar:/home/dinesh-kumar/.m2/repository/io/netty/netty-resolver-dns/4.1.63.Final/netty-resolver-dns-4.1.63.Final.jar:/home/dinesh-kumar/.m2/repository/io/netty/netty-codec-dns/4.1.63.Final/netty-codec-dns-4.1.63.Final.jar:/home/dinesh-kumar/.m2/repository/javax/cache/cache-api/1.1.1/cache-api-1.1.1.jar:/home/dinesh-kumar/.m2/repository/io/reactivex/rxjava2/rxjava/2.2.21/rxjava-2.2.21.jar:/home/dinesh-kumar/.m2/repository/de/ruedigermoeller/fst/2.57/fst-2.57.jar:/home/dinesh-kumar/.m2/repository/com/fasterxml/jackson/dataformat/jackson-dataformat-yaml/2.11.4/jackson-dataformat-yaml-2.11.4.jar:/home/dinesh-kumar/.m2/repository/com/fasterxml/jackson/core/jackson-core/2.11.4/jackson-core-2.11.4.jar:/home/dinesh-kumar/.m2/repository/org/jodd/jodd-bean/5.0.13/jodd-bean-5.0.13.jar:/home/dinesh-kumar/.m2/repository/org/jodd/jodd-core/5.0.13/jodd-core-5.0.13.jar:/home/dinesh-kumar/.m2/repository/org/springframework/boot/spring-boot-starter-mail/2.4.5/spring-boot-starter-mail-2.4.5.jar:/home/dinesh-kumar/.m2/repository/org/springframework/spring-context-support/5.3.6/spring-context-support-5.3.6.jar:/home/dinesh-kumar/.m2/repository/com/sun/mail/jakarta.mail/1.6.7/jakarta.mail-1.6.7.jar:/home/dinesh-kumar/.m2/repository/com/sun/activation/jakarta.activation/1.2.2/jakarta.activation-1.2.2.jar:/home/dinesh-kumar/.m2/repository/com/google/firebase/firebase-admin/6.8.1/firebase-admin-6.8.1.jar:/home/dinesh-kumar/.m2/repository/com/google/api-client/google-api-client/1.25.0/google-api-client-1.25.0.jar:/home/dinesh-kumar/.m2/repository/com/google/oauth-client/google-oauth-client/1.25.0/google-oauth-client-1.25.0.jar:/home/dinesh-kumar/.m2/repository/com/google/http-client/google-http-client-jackson2/1.25.0/google-http-client-jackson2-1.25.0.jar:/home/dinesh-kumar/.m2/repository/com/google/api-client/google-api-client-gson/1.25.0/google-api-client-gson-1.25.0.jar:/home/dinesh-kumar/.m2/repository/com/google/http-client/google-http-client-gson/1.25.0/google-http-client-gson-1.25.0.jar:/home/dinesh-kumar/.m2/repository/com/google/http-client/google-http-client/1.25.0/google-http-client-1.25.0.jar:/home/dinesh-kumar/.m2/repository/com/google/code/findbugs/jsr305/3.0.2/jsr305-3.0.2.jar:/home/dinesh-kumar/.m2/repository/org/apache/httpcomponents/httpclient/4.5.13/httpclient-4.5.13.jar:/home/dinesh-kumar/.m2/repository/org/apache/httpcomponents/httpcore/4.4.14/httpcore-4.4.14.jar:/home/dinesh-kumar/.m2/repository/commons-codec/commons-codec/1.15/commons-codec-1.15.jar:/home/dinesh-kumar/.m2/repository/com/google/j2objc/j2objc-annotations/1.1/j2objc-annotations-1.1.jar:/home/dinesh-kumar/.m2/repository/com/google/api/api-common/1.7.0/api-common-1.7.0.jar:/home/dinesh-kumar/.m2/repository/com/google/auth/google-auth-library-oauth2-http/0.11.0/google-auth-library-oauth2-http-0.11.0.jar:/home/dinesh-kumar/.m2/repository/com/google/auth/google-auth-library-credentials/0.11.0/google-auth-library-credentials-0.11.0.jar:/home/dinesh-kumar/.m2/repository/com/google/cloud/google-cloud-storage/1.43.0/google-cloud-storage-1.43.0.jar:/home/dinesh-kumar/.m2/repository/com/google/cloud/google-cloud-core/1.43.0/google-cloud-core-1.43.0.jar:/home/dinesh-kumar/.m2/repository/joda-time/joda-time/2.9.2/joda-time-2.9.2.jar:/home/dinesh-kumar/.m2/repository/com/google/api/gax/1.30.0/gax-1.30.0.jar:/home/dinesh-kumar/.m2/repository/com/google/protobuf/protobuf-java-util/3.6.0/protobuf-java-util-3.6.0.jar:/home/dinesh-kumar/.m2/repository/com/google/api/grpc/proto-google-common-protos/1.12.0/proto-google-common-protos-1.12.0.jar:/home/dinesh-kumar/.m2/repository/com/google/api/grpc/proto-google-iam-v1/0.12.0/proto-google-iam-v1-0.12.0.jar:/home/dinesh-kumar/.m2/repository/com/google/cloud/google-cloud-core-http/1.43.0/google-cloud-core-http-1.43.0.jar:/home/dinesh-kumar/.m2/repository/com/google/http-client/google-http-client-appengine/1.24.1/google-http-client-appengine-1.24.1.jar:/home/dinesh-kumar/.m2/repository/com/google/http-client/google-http-client-jackson/1.24.1/google-http-client-jackson-1.24.1.jar:/home/dinesh-kumar/.m2/repository/org/codehaus/jackson/jackson-core-asl/1.9.11/jackson-core-asl-1.9.11.jar:/home/dinesh-kumar/.m2/repository/com/google/api/gax-httpjson/0.47.0/gax-httpjson-0.47.0.jar:/home/dinesh-kumar/.m2/repository/io/opencensus/opencensus-contrib-http-util/0.15.0/opencensus-contrib-http-util-0.15.0.jar:/home/dinesh-kumar/.m2/repository/com/google/apis/google-api-services-storage/v1-rev135-1.24.1/google-api-services-storage-v1-rev135-1.24.1.jar:/home/dinesh-kumar/.m2/repository/com/google/cloud/google-cloud-firestore/0.61.0-beta/google-cloud-firestore-0.61.0-beta.jar:/home/dinesh-kumar/.m2/repository/com/google/cloud/google-cloud-core-grpc/1.43.0/google-cloud-core-grpc-1.43.0.jar:/home/dinesh-kumar/.m2/repository/com/google/protobuf/protobuf-java/3.6.0/protobuf-java-3.6.0.jar:/home/dinesh-kumar/.m2/repository/io/grpc/grpc-protobuf/1.13.1/grpc-protobuf-1.13.1.jar:/home/dinesh-kumar/.m2/repository/io/grpc/grpc-protobuf-lite/1.13.1/grpc-protobuf-lite-1.13.1.jar:/home/dinesh-kumar/.m2/repository/io/grpc/grpc-context/1.13.1/grpc-context-1.13.1.jar:/home/dinesh-kumar/.m2/repository/com/google/api/gax-grpc/1.30.0/gax-grpc-1.30.0.jar:/home/dinesh-kumar/.m2/repository/org/threeten/threetenbp/1.3.3/threetenbp-1.3.3.jar:/home/dinesh-kumar/.m2/repository/com/google/api/grpc/proto-google-cloud-firestore-v1beta1/0.26.0/proto-google-cloud-firestore-v1beta1-0.26.0.jar:/home/dinesh-kumar/.m2/repository/com/google/auto/value/auto-value/1.4/auto-value-1.4.jar:/home/dinesh-kumar/.m2/repository/io/grpc/grpc-netty-shaded/1.13.1/grpc-netty-shaded-1.13.1.jar:/home/dinesh-kumar/.m2/repository/io/grpc/grpc-core/1.13.1/grpc-core-1.13.1.jar:/home/dinesh-kumar/.m2/repository/com/google/errorprone/error_prone_annotations/2.1.2/error_prone_annotations-2.1.2.jar:/home/dinesh-kumar/.m2/repository/io/opencensus/opencensus-contrib-grpc-metrics/0.12.3/opencensus-contrib-grpc-metrics-0.12.3.jar:/home/dinesh-kumar/.m2/repository/io/grpc/grpc-stub/1.13.1/grpc-stub-1.13.1.jar:/home/dinesh-kumar/.m2/repository/io/grpc/grpc-auth/1.13.1/grpc-auth-1.13.1.jar:/home/dinesh-kumar/.m2/repository/io/opencensus/opencensus-api/0.15.0/opencensus-api-0.15.0.jar:/home/dinesh-kumar/.m2/repository/io/opencensus/opencensus-contrib-grpc-util/0.15.0/opencensus-contrib-grpc-util-0.15.0.jar:/home/dinesh-kumar/.m2/repository/com/google/guava/guava/20.0/guava-20.0.jar:/home/dinesh-kumar/.m2/repository/io/netty/netty-codec-http/4.1.63.Final/netty-codec-http-4.1.63.Final.jar:/home/dinesh-kumar/.m2/repository/io/netty/netty-handler/4.1.63.Final/netty-handler-4.1.63.Final.jar:/home/dinesh-kumar/.m2/repository/io/netty/netty-resolver/4.1.63.Final/netty-resolver-4.1.63.Final.jar:/home/dinesh-kumar/.m2/repository/io/netty/netty-transport/4.1.63.Final/netty-transport-4.1.63.Final.jar:/home/dinesh-kumar/.m2/repository/org/springframework/boot/spring-boot-configuration-processor/2.4.5/spring-boot-configuration-processor-2.4.5.jar:"/>
    <property name="java.vm.vendor" value="Ubuntu"/>
    <property name="sun.arch.data.model" value="64"/>
    <property name="java.vendor.url" value="https://ubuntu.com/"/>
    <property name="user.timezone" value=""/>
    <property name="java.vm.specification.version" value="11"/>
    <property name="os.name" value="Linux"/>
    <property name="sun.java.launcher" value="SUN_STANDARD"/>
    <property name="user.country" value="IN"/>
    <property name="sun.boot.library.path" value="/usr/lib/jvm/java-11-openjdk-amd64/lib"/>
    <property name="sun.java.command" value="/home/dinesh-kumar/eclipse-workspace/driverapp_backend/target/surefire/surefirebooter238518888093161658.jar /home/dinesh-kumar/eclipse-workspace/driverapp_backend/target/surefire 2021-08-24T00-43-10_809-jvmRun1 surefire9697984990662606588tmp surefire_05419709416218919176tmp"/>
    <property name="jdk.debug" value="release"/>
    <property name="surefire.test.class.path" value="/home/dinesh-kumar/eclipse-workspace/driverapp_backend/target/test-classes:/home/dinesh-kumar/eclipse-workspace/driverapp_backend/target/classes:/home/dinesh-kumar/.m2/repository/org/springframework/boot/spring-boot-starter/2.4.5/spring-boot-starter-2.4.5.jar:/home/dinesh-kumar/.m2/repository/org/springframework/boot/spring-boot/2.4.5/spring-boot-2.4.5.jar:/home/dinesh-kumar/.m2/repository/org/springframework/boot/spring-boot-autoconfigure/2.4.5/spring-boot-autoconfigure-2.4.5.jar:/home/dinesh-kumar/.m2/repository/org/springframework/boot/spring-boot-starter-logging/2.4.5/spring-boot-starter-logging-2.4.5.jar:/home/dinesh-kumar/.m2/repository/ch/qos/logback/logback-classic/1.2.3/logback-classic-1.2.3.jar:/home/dinesh-kumar/.m2/repository/ch/qos/logback/logback-core/1.2.3/logback-core-1.2.3.jar:/home/dinesh-kumar/.m2/repository/org/apache/logging/log4j/log4j-to-slf4j/2.13.3/log4j-to-slf4j-2.13.3.jar:/home/dinesh-kumar/.m2/repository/org/apache/logging/log4j/log4j-api/2.13.3/log4j-api-2.13.3.jar:/home/dinesh-kumar/.m2/repository/org/slf4j/jul-to-slf4j/1.7.30/jul-to-slf4j-1.7.30.jar:/home/dinesh-kumar/.m2/repository/jakarta/annotation/jakarta.annotation-api/1.3.5/jakarta.annotation-api-1.3.5.jar:/home/dinesh-kumar/.m2/repository/org/springframework/spring-core/5.3.6/spring-core-5.3.6.jar:/home/dinesh-kumar/.m2/repository/org/springframework/spring-jcl/5.3.6/spring-jcl-5.3.6.jar:/home/dinesh-kumar/.m2/repository/org/yaml/snakeyaml/1.27/snakeyaml-1.27.jar:/home/dinesh-kumar/.m2/repository/org/springframework/boot/spring-boot-starter-web/2.4.5/spring-boot-starter-web-2.4.5.jar:/home/dinesh-kumar/.m2/repository/org/springframework/boot/spring-boot-starter-json/2.4.5/spring-boot-starter-json-2.4.5.jar:/home/dinesh-kumar/.m2/repository/com/fasterxml/jackson/core/jackson-databind/2.11.4/jackson-databind-2.11.4.jar:/home/dinesh-kumar/.m2/repository/com/fasterxml/jackson/core/jackson-annotations/2.11.4/jackson-annotations-2.11.4.jar:/home/dinesh-kumar/.m2/repository/com/fasterxml/jackson/datatype/jackson-datatype-jdk8/2.11.4/jackson-datatype-jdk8-2.11.4.jar:/home/dinesh-kumar/.m2/repository/com/fasterxml/jackson/datatype/jackson-datatype-jsr310/2.11.4/jackson-datatype-jsr310-2.11.4.jar:/home/dinesh-kumar/.m2/repository/com/fasterxml/jackson/module/jackson-module-parameter-names/2.11.4/jackson-module-parameter-names-2.11.4.jar:/home/dinesh-kumar/.m2/repository/org/springframework/boot/spring-boot-starter-tomcat/2.4.5/spring-boot-starter-tomcat-2.4.5.jar:/home/dinesh-kumar/.m2/repository/org/apache/tomcat/embed/tomcat-embed-core/9.0.45/tomcat-embed-core-9.0.45.jar:/home/dinesh-kumar/.m2/repository/org/glassfish/jakarta.el/3.0.3/jakarta.el-3.0.3.jar:/home/dinesh-kumar/.m2/repository/org/apache/tomcat/embed/tomcat-embed-websocket/9.0.45/tomcat-embed-websocket-9.0.45.jar:/home/dinesh-kumar/.m2/repository/org/springframework/spring-webmvc/5.3.6/spring-webmvc-5.3.6.jar:/home/dinesh-kumar/.m2/repository/org/springframework/spring-expression/5.3.6/spring-expression-5.3.6.jar:/home/dinesh-kumar/.m2/repository/org/springframework/boot/spring-boot-starter-data-jpa/2.4.5/spring-boot-starter-data-jpa-2.4.5.jar:/home/dinesh-kumar/.m2/repository/org/springframework/boot/spring-boot-starter-aop/2.4.5/spring-boot-starter-aop-2.4.5.jar:/home/dinesh-kumar/.m2/repository/org/aspectj/aspectjweaver/1.9.6/aspectjweaver-1.9.6.jar:/home/dinesh-kumar/.m2/repository/org/springframework/boot/spring-boot-starter-jdbc/2.4.5/spring-boot-starter-jdbc-2.4.5.jar:/home/dinesh-kumar/.m2/repository/com/zaxxer/HikariCP/3.4.5/HikariCP-3.4.5.jar:/home/dinesh-kumar/.m2/repository/org/springframework/spring-jdbc/5.3.6/spring-jdbc-5.3.6.jar:/home/dinesh-kumar/.m2/repository/jakarta/transaction/jakarta.transaction-api/1.3.3/jakarta.transaction-api-1.3.3.jar:/home/dinesh-kumar/.m2/repository/jakarta/persistence/jakarta.persistence-api/2.2.3/jakarta.persistence-api-2.2.3.jar:/home/dinesh-kumar/.m2/repository/org/hibernate/hibernate-core/5.4.30.Final/hibernate-core-5.4.30.Final.jar:/home/dinesh-kumar/.m2/repository/org/jboss/logging/jboss-logging/3.4.1.Final/jboss-logging-3.4.1.Final.jar:/home/dinesh-kumar/.m2/repository/org/javassist/javassist/3.27.0-GA/javassist-3.27.0-GA.jar:/home/dinesh-kumar/.m2/repository/net/bytebuddy/byte-buddy/1.10.22/byte-buddy-1.10.22.jar:/home/dinesh-kumar/.m2/repository/antlr/antlr/2.7.7/antlr-2.7.7.jar:/home/dinesh-kumar/.m2/repository/org/jboss/jandex/2.2.3.Final/jandex-2.2.3.Final.jar:/home/dinesh-kumar/.m2/repository/com/fasterxml/classmate/1.5.1/classmate-1.5.1.jar:/home/dinesh-kumar/.m2/repository/org/dom4j/dom4j/2.1.3/dom4j-2.1.3.jar:/home/dinesh-kumar/.m2/repository/org/hibernate/common/hibernate-commons-annotations/5.1.2.Final/hibernate-commons-annotations-5.1.2.Final.jar:/home/dinesh-kumar/.m2/repository/org/glassfish/jaxb/jaxb-runtime/2.3.4/jaxb-runtime-2.3.4.jar:/home/dinesh-kumar/.m2/repository/org/glassfish/jaxb/txw2/2.3.4/txw2-2.3.4.jar:/home/dinesh-kumar/.m2/repository/com/sun/istack/istack-commons-runtime/3.0.12/istack-commons-runtime-3.0.12.jar:/home/dinesh-kumar/.m2/repository/org/springframework/spring-aspects/5.3.6/spring-aspects-5.3.6.jar:/home/dinesh-kumar/.m2/repository/org/springframework/boot/spring-boot-starter-test/2.4.5/spring-boot-starter-test-2.4.5.jar:/home/dinesh-kumar/.m2/repository/org/springframework/boot/spring-boot-test/2.4.5/spring-boot-test-2.4.5.jar:/home/dinesh-kumar/.m2/repository/org/springframework/boot/spring-boot-test-autoconfigure/2.4.5/spring-boot-test-autoconfigure-2.4.5.jar:/home/dinesh-kumar/.m2/repository/com/jayway/jsonpath/json-path/2.4.0/json-path-2.4.0.jar:/home/dinesh-kumar/.m2/repository/net/minidev/json-smart/2.3/json-smart-2.3.jar:/home/dinesh-kumar/.m2/repository/net/minidev/accessors-smart/1.2/accessors-smart-1.2.jar:/home/dinesh-kumar/.m2/repository/org/ow2/asm/asm/5.0.4/asm-5.0.4.jar:/home/dinesh-kumar/.m2/repository/jakarta/xml/bind/jakarta.xml.bind-api/2.3.3/jakarta.xml.bind-api-2.3.3.jar:/home/dinesh-kumar/.m2/repository/jakarta/activation/jakarta.activation-api/1.2.2/jakarta.activation-api-1.2.2.jar:/home/dinesh-kumar/.m2/repository/org/assertj/assertj-core/3.18.1/assertj-core-3.18.1.jar:/home/dinesh-kumar/.m2/repository/org/hamcrest/hamcrest/2.2/hamcrest-2.2.jar:/home/dinesh-kumar/.m2/repository/org/junit/jupiter/junit-jupiter/5.7.1/junit-jupiter-5.7.1.jar:/home/dinesh-kumar/.m2/repository/org/junit/jupiter/junit-jupiter-api/5.7.1/junit-jupiter-api-5.7.1.jar:/home/dinesh-kumar/.m2/repository/org/apiguardian/apiguardian-api/1.1.0/apiguardian-api-1.1.0.jar:/home/dinesh-kumar/.m2/repository/org/opentest4j/opentest4j/1.2.0/opentest4j-1.2.0.jar:/home/dinesh-kumar/.m2/repository/org/junit/platform/junit-platform-commons/1.7.1/junit-platform-commons-1.7.1.jar:/home/dinesh-kumar/.m2/repository/org/junit/jupiter/junit-jupiter-params/5.7.1/junit-jupiter-params-5.7.1.jar:/home/dinesh-kumar/.m2/repository/org/junit/jupiter/junit-jupiter-engine/5.7.1/junit-jupiter-engine-5.7.1.jar:/home/dinesh-kumar/.m2/repository/org/junit/platform/junit-platform-engine/1.7.1/junit-platform-engine-1.7.1.jar:/home/dinesh-kumar/.m2/repository/org/mockito/mockito-core/3.6.28/mockito-core-3.6.28.jar:/home/dinesh-kumar/.m2/repository/net/bytebuddy/byte-buddy-agent/1.10.22/byte-buddy-agent-1.10.22.jar:/home/dinesh-kumar/.m2/repository/org/objenesis/objenesis/3.1/objenesis-3.1.jar:/home/dinesh-kumar/.m2/repository/org/mockito/mockito-junit-jupiter/3.6.28/mockito-junit-jupiter-3.6.28.jar:/home/dinesh-kumar/.m2/repository/org/skyscreamer/jsonassert/1.5.0/jsonassert-1.5.0.jar:/home/dinesh-kumar/.m2/repository/com/vaadin/external/google/android-json/0.0.20131108.vaadin1/android-json-0.0.20131108.vaadin1.jar:/home/dinesh-kumar/.m2/repository/org/springframework/spring-test/5.3.6/spring-test-5.3.6.jar:/home/dinesh-kumar/.m2/repository/org/xmlunit/xmlunit-core/2.7.0/xmlunit-core-2.7.0.jar:/home/dinesh-kumar/.m2/repository/org/springframework/spring-web/5.3.6/spring-web-5.3.6.jar:/home/dinesh-kumar/.m2/repository/org/springframework/spring-beans/5.3.6/spring-beans-5.3.6.jar:/home/dinesh-kumar/.m2/repository/javax/persistence/javax.persistence-api/2.2/javax.persistence-api-2.2.jar:/home/dinesh-kumar/.m2/repository/org/springframework/data/spring-data-jpa/2.5.0/spring-data-jpa-2.5.0.jar:/home/dinesh-kumar/.m2/repository/org/springframework/data/spring-data-commons/2.4.8/spring-data-commons-2.4.8.jar:/home/dinesh-kumar/.m2/repository/org/springframework/spring-orm/5.3.6/spring-orm-5.3.6.jar:/home/dinesh-kumar/.m2/repository/org/springframework/spring-context/5.3.6/spring-context-5.3.6.jar:/home/dinesh-kumar/.m2/repository/org/springframework/spring-aop/5.3.6/spring-aop-5.3.6.jar:/home/dinesh-kumar/.m2/repository/org/springframework/spring-tx/5.3.6/spring-tx-5.3.6.jar:/home/dinesh-kumar/.m2/repository/org/aspectj/aspectjrt/1.9.6/aspectjrt-1.9.6.jar:/home/dinesh-kumar/.m2/repository/org/slf4j/slf4j-api/1.7.30/slf4j-api-1.7.30.jar:/home/dinesh-kumar/.m2/repository/org/springframework/cloud/spring-cloud-starter-openfeign/3.0.2/spring-cloud-starter-openfeign-3.0.2.jar:/home/dinesh-kumar/.m2/repository/org/springframework/cloud/spring-cloud-starter/3.0.2/spring-cloud-starter-3.0.2.jar:/home/dinesh-kumar/.m2/repository/org/springframework/cloud/spring-cloud-context/3.0.2/spring-cloud-context-3.0.2.jar:/home/dinesh-kumar/.m2/repository/org/springframework/security/spring-security-rsa/1.0.9.RELEASE/spring-security-rsa-1.0.9.RELEASE.jar:/home/dinesh-kumar/.m2/repository/org/bouncycastle/bcpkix-jdk15on/1.64/bcpkix-jdk15on-1.64.jar:/home/dinesh-kumar/.m2/repository/org/bouncycastle/bcprov-jdk15on/1.64/bcprov-jdk15on-1.64.jar:/home/dinesh-kumar/.m2/repository/org/springframework/cloud/spring-cloud-openfeign-core/3.0.2/spring-cloud-openfeign-core-3.0.2.jar:/home/dinesh-kumar/.m2/repository/io/github/openfeign/form/feign-form-spring/3.8.0/feign-form-spring-3.8.0.jar:/home/dinesh-kumar/.m2/repository/io/github/openfeign/form/feign-form/3.8.0/feign-form-3.8.0.jar:/home/dinesh-kumar/.m2/repository/commons-fileupload/commons-fileupload/1.4/commons-fileupload-1.4.jar:/home/dinesh-kumar/.m2/repository/commons-io/commons-io/2.2/commons-io-2.2.jar:/home/dinesh-kumar/.m2/repository/org/springframework/cloud/spring-cloud-commons/3.0.2/spring-cloud-commons-3.0.2.jar:/home/dinesh-kumar/.m2/repository/org/springframework/security/spring-security-crypto/5.4.6/spring-security-crypto-5.4.6.jar:/home/dinesh-kumar/.m2/repository/io/github/openfeign/feign-core/10.10.1/feign-core-10.10.1.jar:/home/dinesh-kumar/.m2/repository/io/github/openfeign/feign-slf4j/10.10.1/feign-slf4j-10.10.1.jar:/home/dinesh-kumar/.m2/repository/mysql/mysql-connector-java/8.0.23/mysql-connector-java-8.0.23.jar:/home/dinesh-kumar/.m2/repository/org/projectlombok/lombok/1.18.20/lombok-1.18.20.jar:/home/dinesh-kumar/.m2/repository/org/liquibase/liquibase-core/3.10.3/liquibase-core-3.10.3.jar:/home/dinesh-kumar/.m2/repository/javax/xml/bind/jaxb-api/2.3.1/jaxb-api-2.3.1.jar:/home/dinesh-kumar/.m2/repository/javax/activation/javax.activation-api/1.2.0/javax.activation-api-1.2.0.jar:/home/dinesh-kumar/.m2/repository/com/google/code/gson/gson/2.8.6/gson-2.8.6.jar:/home/dinesh-kumar/.m2/repository/org/springframework/boot/spring-boot-starter-data-redis/2.4.5/spring-boot-starter-data-redis-2.4.5.jar:/home/dinesh-kumar/.m2/repository/org/springframework/data/spring-data-redis/2.4.8/spring-data-redis-2.4.8.jar:/home/dinesh-kumar/.m2/repository/org/springframework/data/spring-data-keyvalue/2.4.8/spring-data-keyvalue-2.4.8.jar:/home/dinesh-kumar/.m2/repository/org/springframework/spring-oxm/5.3.6/spring-oxm-5.3.6.jar:/home/dinesh-kumar/.m2/repository/io/lettuce/lettuce-core/6.0.4.RELEASE/lettuce-core-6.0.4.RELEASE.jar:/home/dinesh-kumar/.m2/repository/io/netty/netty-common/4.1.63.Final/netty-common-4.1.63.Final.jar:/home/dinesh-kumar/.m2/repository/io/projectreactor/reactor-core/3.4.5/reactor-core-3.4.5.jar:/home/dinesh-kumar/.m2/repository/org/reactivestreams/reactive-streams/1.0.3/reactive-streams-1.0.3.jar:/home/dinesh-kumar/.m2/repository/org/redisson/redisson-spring-data-21/3.12.2/redisson-spring-data-21-3.12.2.jar:/home/dinesh-kumar/.m2/repository/org/redisson/redisson/3.12.2/redisson-3.12.2.jar:/home/dinesh-kumar/.m2/repository/io/netty/netty-codec/4.1.63.Final/netty-codec-4.1.63.Final.jar:/home/dinesh-kumar/.m2/repository/io/netty/netty-buffer/4.1.63.Final/netty-buffer-4.1.63.Final.jar:/home/dinesh-kumar/.m2/repository/io/netty/netty-resolver-dns/4.1.63.Final/netty-resolver-dns-4.1.63.Final.jar:/home/dinesh-kumar/.m2/repository/io/netty/netty-codec-dns/4.1.63.Final/netty-codec-dns-4.1.63.Final.jar:/home/dinesh-kumar/.m2/repository/javax/cache/cache-api/1.1.1/cache-api-1.1.1.jar:/home/dinesh-kumar/.m2/repository/io/reactivex/rxjava2/rxjava/2.2.21/rxjava-2.2.21.jar:/home/dinesh-kumar/.m2/repository/de/ruedigermoeller/fst/2.57/fst-2.57.jar:/home/dinesh-kumar/.m2/repository/com/fasterxml/jackson/dataformat/jackson-dataformat-yaml/2.11.4/jackson-dataformat-yaml-2.11.4.jar:/home/dinesh-kumar/.m2/repository/com/fasterxml/jackson/core/jackson-core/2.11.4/jackson-core-2.11.4.jar:/home/dinesh-kumar/.m2/repository/org/jodd/jodd-bean/5.0.13/jodd-bean-5.0.13.jar:/home/dinesh-kumar/.m2/repository/org/jodd/jodd-core/5.0.13/jodd-core-5.0.13.jar:/home/dinesh-kumar/.m2/repository/org/springframework/boot/spring-boot-starter-mail/2.4.5/spring-boot-starter-mail-2.4.5.jar:/home/dinesh-kumar/.m2/repository/org/springframework/spring-context-support/5.3.6/spring-context-support-5.3.6.jar:/home/dinesh-kumar/.m2/repository/com/sun/mail/jakarta.mail/1.6.7/jakarta.mail-1.6.7.jar:/home/dinesh-kumar/.m2/repository/com/sun/activation/jakarta.activation/1.2.2/jakarta.activation-1.2.2.jar:/home/dinesh-kumar/.m2/repository/com/google/firebase/firebase-admin/6.8.1/firebase-admin-6.8.1.jar:/home/dinesh-kumar/.m2/repository/com/google/api-client/google-api-client/1.25.0/google-api-client-1.25.0.jar:/home/dinesh-kumar/.m2/repository/com/google/oauth-client/google-oauth-client/1.25.0/google-oauth-client-1.25.0.jar:/home/dinesh-kumar/.m2/repository/com/google/http-client/google-http-client-jackson2/1.25.0/google-http-client-jackson2-1.25.0.jar:/home/dinesh-kumar/.m2/repository/com/google/api-client/google-api-client-gson/1.25.0/google-api-client-gson-1.25.0.jar:/home/dinesh-kumar/.m2/repository/com/google/http-client/google-http-client-gson/1.25.0/google-http-client-gson-1.25.0.jar:/home/dinesh-kumar/.m2/repository/com/google/http-client/google-http-client/1.25.0/google-http-client-1.25.0.jar:/home/dinesh-kumar/.m2/repository/com/google/code/findbugs/jsr305/3.0.2/jsr305-3.0.2.jar:/home/dinesh-kumar/.m2/repository/org/apache/httpcomponents/httpclient/4.5.13/httpclient-4.5.13.jar:/home/dinesh-kumar/.m2/repository/org/apache/httpcomponents/httpcore/4.4.14/httpcore-4.4.14.jar:/home/dinesh-kumar/.m2/repository/commons-codec/commons-codec/1.15/commons-codec-1.15.jar:/home/dinesh-kumar/.m2/repository/com/google/j2objc/j2objc-annotations/1.1/j2objc-annotations-1.1.jar:/home/dinesh-kumar/.m2/repository/com/google/api/api-common/1.7.0/api-common-1.7.0.jar:/home/dinesh-kumar/.m2/repository/com/google/auth/google-auth-library-oauth2-http/0.11.0/google-auth-library-oauth2-http-0.11.0.jar:/home/dinesh-kumar/.m2/repository/com/google/auth/google-auth-library-credentials/0.11.0/google-auth-library-credentials-0.11.0.jar:/home/dinesh-kumar/.m2/repository/com/google/cloud/google-cloud-storage/1.43.0/google-cloud-storage-1.43.0.jar:/home/dinesh-kumar/.m2/repository/com/google/cloud/google-cloud-core/1.43.0/google-cloud-core-1.43.0.jar:/home/dinesh-kumar/.m2/repository/joda-time/joda-time/2.9.2/joda-time-2.9.2.jar:/home/dinesh-kumar/.m2/repository/com/google/api/gax/1.30.0/gax-1.30.0.jar:/home/dinesh-kumar/.m2/repository/com/google/protobuf/protobuf-java-util/3.6.0/protobuf-java-util-3.6.0.jar:/home/dinesh-kumar/.m2/repository/com/google/api/grpc/proto-google-common-protos/1.12.0/proto-google-common-protos-1.12.0.jar:/home/dinesh-kumar/.m2/repository/com/google/api/grpc/proto-google-iam-v1/0.12.0/proto-google-iam-v1-0.12.0.jar:/home/dinesh-kumar/.m2/repository/com/google/cloud/google-cloud-core-http/1.43.0/google-cloud-core-http-1.43.0.jar:/home/dinesh-kumar/.m2/repository/com/google/http-client/google-http-client-appengine/1.24.1/google-http-client-appengine-1.24.1.jar:/home/dinesh-kumar/.m2/repository/com/google/http-client/google-http-client-jackson/1.24.1/google-http-client-jackson-1.24.1.jar:/home/dinesh-kumar/.m2/repository/org/codehaus/jackson/jackson-core-asl/1.9.11/jackson-core-asl-1.9.11.jar:/home/dinesh-kumar/.m2/repository/com/google/api/gax-httpjson/0.47.0/gax-httpjson-0.47.0.jar:/home/dinesh-kumar/.m2/repository/io/opencensus/opencensus-contrib-http-util/0.15.0/opencensus-contrib-http-util-0.15.0.jar:/home/dinesh-kumar/.m2/repository/com/google/apis/google-api-services-storage/v1-rev135-1.24.1/google-api-services-storage-v1-rev135-1.24.1.jar:/home/dinesh-kumar/.m2/repository/com/google/cloud/google-cloud-firestore/0.61.0-beta/google-cloud-firestore-0.61.0-beta.jar:/home/dinesh-kumar/.m2/repository/com/google/cloud/google-cloud-core-grpc/1.43.0/google-cloud-core-grpc-1.43.0.jar:/home/dinesh-kumar/.m2/repository/com/google/protobuf/protobuf-java/3.6.0/protobuf-java-3.6.0.jar:/home/dinesh-kumar/.m2/repository/io/grpc/grpc-protobuf/1.13.1/grpc-protobuf-1.13.1.jar:/home/dinesh-kumar/.m2/repository/io/grpc/grpc-protobuf-lite/1.13.1/grpc-protobuf-lite-1.13.1.jar:/home/dinesh-kumar/.m2/repository/io/grpc/grpc-context/1.13.1/grpc-context-1.13.1.jar:/home/dinesh-kumar/.m2/repository/com/google/api/gax-grpc/1.30.0/gax-grpc-1.30.0.jar:/home/dinesh-kumar/.m2/repository/org/threeten/threetenbp/1.3.3/threetenbp-1.3.3.jar:/home/dinesh-kumar/.m2/repository/com/google/api/grpc/proto-google-cloud-firestore-v1beta1/0.26.0/proto-google-cloud-firestore-v1beta1-0.26.0.jar:/home/dinesh-kumar/.m2/repository/com/google/auto/value/auto-value/1.4/auto-value-1.4.jar:/home/dinesh-kumar/.m2/repository/io/grpc/grpc-netty-shaded/1.13.1/grpc-netty-shaded-1.13.1.jar:/home/dinesh-kumar/.m2/repository/io/grpc/grpc-core/1.13.1/grpc-core-1.13.1.jar:/home/dinesh-kumar/.m2/repository/com/google/errorprone/error_prone_annotations/2.1.2/error_prone_annotations-2.1.2.jar:/home/dinesh-kumar/.m2/repository/io/opencensus/opencensus-contrib-grpc-metrics/0.12.3/opencensus-contrib-grpc-metrics-0.12.3.jar:/home/dinesh-kumar/.m2/repository/io/grpc/grpc-stub/1.13.1/grpc-stub-1.13.1.jar:/home/dinesh-kumar/.m2/repository/io/grpc/grpc-auth/1.13.1/grpc-auth-1.13.1.jar:/home/dinesh-kumar/.m2/repository/io/opencensus/opencensus-api/0.15.0/opencensus-api-0.15.0.jar:/home/dinesh-kumar/.m2/repository/io/opencensus/opencensus-contrib-grpc-util/0.15.0/opencensus-contrib-grpc-util-0.15.0.jar:/home/dinesh-kumar/.m2/repository/com/google/guava/guava/20.0/guava-20.0.jar:/home/dinesh-kumar/.m2/repository/io/netty/netty-codec-http/4.1.63.Final/netty-codec-http-4.1.63.Final.jar:/home/dinesh-kumar/.m2/repository/io/netty/netty-handler/4.1.63.Final/netty-handler-4.1.63.Final.jar:/home/dinesh-kumar/.m2/repository/io/netty/netty-resolver/4.1.63.Final/netty-resolver-4.1.63.Final.jar:/home/dinesh-kumar/.m2/repository/io/netty/netty-transport/4.1.63.Final/netty-transport-4.1.63.Final.jar:/home/dinesh-kumar/.m2/repository/org/springframework/boot/spring-boot-configuration-processor/2.4.5/spring-boot-configuration-processor-2.4.5.jar:"/>
    <property name="sun.cpu.endian" value="little"/>
    <property name="user.home" value="/home/dinesh-kumar"/>
    <property name="user.language" value="en"/>
    <property name="java.specification.vendor" value="Oracle Corporation"/>
    <property name="java.version.date" value="2021-04-20"/>
    <property name="java.home" value="/usr/lib/jvm/java-11-openjdk-amd64"/>
    <property name="file.separator" value="/"/>
    <property name="basedir" value="/home/dinesh-kumar/eclipse-workspace/driverapp_backend"/>
    <property name="java.vm.compressedOopsMode" value="32-bit"/>
    <property name="line.separator" value="&#10;"/>
    <property name="java.specification.name" value="Java Platform API Specification"/>
    <property name="java.vm.specification.vendor" value="Oracle Corporation"/>
    <property name="java.awt.graphicsenv" value="sun.awt.X11GraphicsEnvironment"/>
    <property name="surefire.real.class.path" value="/home/dinesh-kumar/eclipse-workspace/driverapp_backend/target/surefire/surefirebooter238518888093161658.jar"/>
    <property name="sun.management.compiler" value="HotSpot 64-Bit Tiered Compilers"/>
    <property name="java.runtime.version" value="11.0.11+9-Ubuntu-0ubuntu2.20.04"/>
    <property name="user.name" value="dinesh-kumar"/>
    <property name="path.separator" value=":"/>
    <property name="os.version" value="5.8.0-63-generic"/>
    <property name="java.runtime.name" value="OpenJDK Runtime Environment"/>
    <property name="file.encoding" value="UTF-8"/>
    <property name="java.vm.name" value="OpenJDK 64-Bit Server VM"/>
    <property name="localRepository" value="/home/dinesh-kumar/.m2/repository"/>
    <property name="java.vendor.url.bug" value="https://bugs.launchpad.net/ubuntu/+source/openjdk-lts"/>
    <property name="java.io.tmpdir" value="/tmp"/>
    <property name="java.version" value="11.0.11"/>
    <property name="user.dir" value="/home/dinesh-kumar/eclipse-workspace/driverapp_backend"/>
    <property name="os.arch" value="amd64"/>
    <property name="java.vm.specification.name" value="Java Virtual Machine Specification"/>
    <property name="java.awt.printerjob" value="sun.print.PSPrinterJob"/>
    <property name="sun.os.patch.level" value="unknown"/>
    <property name="java.library.path" value="/usr/java/packages/lib:/usr/lib/x86_64-linux-gnu/jni:/lib/x86_64-linux-gnu:/usr/lib/x86_64-linux-gnu:/usr/lib/jni:/lib:/usr/lib"/>
    <property name="java.vm.info" value="mixed mode, sharing"/>
    <property name="java.vendor" value="Ubuntu"/>
    <property name="java.vm.version" value="11.0.11+9-Ubuntu-0ubuntu2.20.04"/>
    <property name="sun.io.unicode.encoding" value="UnicodeLittle"/>
    <property name="java.class.version" value="55.0"/>
  </properties>
  <testcase name="contextLoads" classname="com.driversapp.driversapp.DriversappApplicationTests" time="0.285"/>
</testsuite>